d:\c++\opengl\opengl_2dgame\x64\debug\vc143.pdb
d:\c++\opengl\opengl_2dgame\x64\debug\vc143.idb
d:\c++\opengl\opengl_2dgame\x64\debug\glad.obj
d:\c++\opengl\opengl_2dgame\x64\debug\源.obj
d:\c++\opengl\opengl_2dgame\x64\debug\texture.obj
d:\c++\opengl\opengl_2dgame\x64\debug\shader.obj
d:\c++\opengl\opengl_2dgame\x64\debug\resourcemanager.obj
d:\c++\opengl\opengl_2dgame\x64\debug\game.obj
d:\c++\opengl\opengl_2dgame\x64\debug\spriterenderer.obj
d:\c++\opengl\opengl_2dgame\x64\debug\gameobject.obj
d:\c++\opengl\opengl_2dgame\x64\debug\gamelevel.obj
d:\c++\opengl\opengl_2dgame\x64\debug\ballobject.obj
d:\c++\opengl\opengl_2dgame\x64\debug\particlegenerator.obj
d:\c++\opengl\opengl_2dgame\x64\debug\postprocessor.obj
d:\c++\opengl\opengl_2dgame\x64\debug\opengl_2dgame.exe
d:\c++\opengl\opengl_2dgame\x64\debug\opengl_2dgame.ilk
d:\c++\opengl\opengl_2dgame\x64\debug\opengl_2dgame.pdb
d:\c++\opengl\opengl_2dgame\x64\debug\opengl_2dgame.tlog\cl.command.1.tlog
d:\c++\opengl\opengl_2dgame\x64\debug\opengl_2dgame.tlog\cl.read.1.tlog
d:\c++\opengl\opengl_2dgame\x64\debug\opengl_2dgame.tlog\cl.write.1.tlog
d:\c++\opengl\opengl_2dgame\x64\debug\opengl_2dgame.tlog\link.command.1.tlog
d:\c++\opengl\opengl_2dgame\x64\debug\opengl_2dgame.tlog\link.read.1.tlog
d:\c++\opengl\opengl_2dgame\x64\debug\opengl_2dgame.tlog\link.write.1.tlog
